<?xml version="1.0" encoding="UTF-8"?>
<!-- Generated by org.testng.reporters.JUnitReportReporter -->
<testsuite hostname="DESKTOP-V54N7G4" failures="0" tests="2" name="zavrsniProjekatTestovi.HomePageTest" time="9.576" errors="0" timestamp="2021-02-24T23:49:38 CET" skipped="0">
  <testcase classname="zavrsniProjekatTestovi.HomePageTest" name="testSignUpFromHomePage" time="6.715"/>
  <system-out/>
  <testcase classname="zavrsniProjekatTestovi.HomePageTest" name="testSignUpFromSignUpForm" time="2.861"/>
  <system-out/>
</testsuite> <!-- zavrsniProjekatTestovi.HomePageTest -->
