<?xml version="1.0" encoding="UTF-8"?>
<!-- Generated by org.testng.reporters.JUnitReportReporter -->
<testsuite hostname="DESKTOP-V54N7G4" failures="0" tests="1" name="zavrsniProjekatTestovi.LogInTest" time="11.328" errors="0" timestamp="2021-02-24T23:20:01 CET" skipped="0">
  <testcase classname="zavrsniProjekatTestovi.LogInTest" name="testLogIn" time="11.328"/>
  <system-out/>
</testsuite> <!-- zavrsniProjekatTestovi.LogInTest -->
