<?xml version="1.0" encoding="UTF-8"?>
<!-- Generated by org.testng.reporters.JUnitReportReporter -->
<testsuite hostname="DESKTOP-V54N7G4" failures="0" tests="1" name="zavrsniProjekatTestovi.AboutUsTest" time="30.540" errors="0" timestamp="2021-02-25T19:40:12 CET" skipped="0">
  <testcase classname="zavrsniProjekatTestovi.AboutUsTest" name="goToAboutUsTest" time="30.540"/>
  <system-out/>
</testsuite> <!-- zavrsniProjekatTestovi.AboutUsTest -->
